0 info it worked if it ends with ok
1 verbose cli [ '/usr/bin/nodejs',
1 verbose cli   '/usr/bin/npm',
1 verbose cli   'install',
1 verbose cli   'datatables.net-editor' ]
2 info using npm@3.5.2
3 info using node@v4.2.6
4 silly loadCurrentTree Starting
5 silly install loadCurrentTree
6 silly install readLocalPackageData
7 silly fetchPackageMetaData datatables.net-editor
8 silly fetchNamedPackageData datatables.net-editor
9 silly mapToRegistry name datatables.net-editor
10 silly mapToRegistry using default registry
11 silly mapToRegistry registry https://registry.npmjs.org/
12 silly mapToRegistry uri https://registry.npmjs.org/datatables.net-editor
13 verbose request uri https://registry.npmjs.org/datatables.net-editor
14 verbose request no auth needed
15 info attempt registry request try #1 at 16:35:49
16 verbose request id aeb2fd6b0412d82f
17 http request GET https://registry.npmjs.org/datatables.net-editor
18 http 200 https://registry.npmjs.org/datatables.net-editor
19 verbose headers { server: 'nginx/1.10.1',
19 verbose headers   'content-type': 'application/json',
19 verbose headers   'last-modified': 'Thu, 20 Jul 2017 11:24:26 GMT',
19 verbose headers   etag: 'W/"597092ea-1349"',
19 verbose headers   'content-encoding': 'gzip',
19 verbose headers   'cache-control': 'max-age=300',
19 verbose headers   'content-length': '1909',
19 verbose headers   'accept-ranges': 'bytes',
19 verbose headers   date: 'Sun, 24 Sep 2017 13:35:39 GMT',
19 verbose headers   via: '1.1 varnish',
19 verbose headers   age: '0',
19 verbose headers   connection: 'keep-alive',
19 verbose headers   'x-served-by': 'cache-hhn1551-HHN',
19 verbose headers   'x-cache': 'MISS',
19 verbose headers   'x-cache-hits': '0',
19 verbose headers   'x-timer': 'S1506260140.555445,VS0,VE35',
19 verbose headers   vary: 'Accept-Encoding, Accept' }
20 silly get cb [ 200,
20 silly get   { server: 'nginx/1.10.1',
20 silly get     'content-type': 'application/json',
20 silly get     'last-modified': 'Thu, 20 Jul 2017 11:24:26 GMT',
20 silly get     etag: 'W/"597092ea-1349"',
20 silly get     'content-encoding': 'gzip',
20 silly get     'cache-control': 'max-age=300',
20 silly get     'content-length': '1909',
20 silly get     'accept-ranges': 'bytes',
20 silly get     date: 'Sun, 24 Sep 2017 13:35:39 GMT',
20 silly get     via: '1.1 varnish',
20 silly get     age: '0',
20 silly get     connection: 'keep-alive',
20 silly get     'x-served-by': 'cache-hhn1551-HHN',
20 silly get     'x-cache': 'MISS',
20 silly get     'x-cache-hits': '0',
20 silly get     'x-timer': 'S1506260140.555445,VS0,VE35',
20 silly get     vary: 'Accept-Encoding, Accept' } ]
21 verbose get saving datatables.net-editor to /home/smertch/.npm/registry.npmjs.org/datatables.net-editor/.cache.json
22 silly install normalizeTree
23 silly loadCurrentTree Finishing
24 silly loadIdealTree Starting
25 silly install loadIdealTree
26 silly cloneCurrentTree Starting
27 silly install cloneCurrentTreeToIdealTree
28 silly cloneCurrentTree Finishing
29 silly loadShrinkwrap Starting
30 silly install loadShrinkwrap
31 silly loadShrinkwrap Finishing
32 silly loadAllDepsIntoIdealTree Starting
33 silly install loadAllDepsIntoIdealTree
34 silly resolveWithNewModule datatables.net-editor@1.6.5 checking installable status
35 silly cache add args [ 'datatables.net-editor', null ]
36 verbose cache add spec datatables.net-editor
37 silly cache add parsed spec Result {
37 silly cache add   raw: 'datatables.net-editor',
37 silly cache add   scope: null,
37 silly cache add   name: 'datatables.net-editor',
37 silly cache add   rawSpec: '',
37 silly cache add   spec: 'latest',
37 silly cache add   type: 'tag' }
38 silly addNamed datatables.net-editor@latest
39 verbose addNamed "latest" is being treated as a dist-tag for datatables.net-editor
40 info addNameTag [ 'datatables.net-editor', 'latest' ]
41 silly mapToRegistry name datatables.net-editor
42 silly mapToRegistry using default registry
43 silly mapToRegistry registry https://registry.npmjs.org/
44 silly mapToRegistry uri https://registry.npmjs.org/datatables.net-editor
45 verbose addNameTag registry:https://registry.npmjs.org/datatables.net-editor not in flight; fetching
46 verbose get https://registry.npmjs.org/datatables.net-editor not expired, no request
47 silly addNameTag next cb for datatables.net-editor with tag latest
48 silly addNamed datatables.net-editor@1.6.5
49 verbose addNamed "1.6.5" is a plain semver version for datatables.net-editor
50 silly mapToRegistry name datatables.net-editor
51 silly mapToRegistry using default registry
52 silly mapToRegistry registry https://registry.npmjs.org/
53 silly mapToRegistry uri https://registry.npmjs.org/datatables.net-editor
54 verbose addRemoteTarball https://registry.npmjs.org/datatables.net-editor/-/datatables.net-editor-1.6.5.tgz not in flight; adding
55 verbose addRemoteTarball [ 'https://registry.npmjs.org/datatables.net-editor/-/datatables.net-editor-1.6.5.tgz',
55 verbose addRemoteTarball   '05f3eea4d87d90e1cf6ec71b332cf6024848a6a4' ]
56 info retry fetch attempt 1 at 16:35:49
57 info attempt registry request try #1 at 16:35:49
58 http fetch GET https://registry.npmjs.org/datatables.net-editor/-/datatables.net-editor-1.6.5.tgz
59 http fetch 200 https://registry.npmjs.org/datatables.net-editor/-/datatables.net-editor-1.6.5.tgz
60 silly fetchAndShaCheck shasum 05f3eea4d87d90e1cf6ec71b332cf6024848a6a4
61 verbose addTmpTarball /tmp/npm-8828-bb6bd4fc/registry.npmjs.org/datatables.net-editor/-/datatables.net-editor-1.6.5.tgz not in flight; adding
62 verbose addTmpTarball already have metadata; skipping unpack for datatables.net-editor@1.6.5
63 silly cache afterAdd datatables.net-editor@1.6.5
64 verbose afterAdd /home/smertch/.npm/datatables.net-editor/1.6.5/package/package.json not in flight; writing
65 verbose afterAdd /home/smertch/.npm/datatables.net-editor/1.6.5/package/package.json written
66 silly fetchNamedPackageData adm-zip
67 silly mapToRegistry name adm-zip
68 silly mapToRegistry using default registry
69 silly mapToRegistry registry https://registry.npmjs.org/
70 silly mapToRegistry uri https://registry.npmjs.org/adm-zip
71 verbose request uri https://registry.npmjs.org/adm-zip
72 verbose request no auth needed
73 info attempt registry request try #1 at 16:35:49
74 http request GET https://registry.npmjs.org/adm-zip
75 http 200 https://registry.npmjs.org/adm-zip
76 verbose headers { server: 'nginx/1.10.1',
76 verbose headers   'content-type': 'application/json',
76 verbose headers   'last-modified': 'Wed, 16 Aug 2017 09:24:38 GMT',
76 verbose headers   etag: 'W/"59940f56-5538"',
76 verbose headers   'content-encoding': 'gzip',
76 verbose headers   'cache-control': 'max-age=300',
76 verbose headers   'content-length': '3314',
76 verbose headers   'accept-ranges': 'bytes',
76 verbose headers   date: 'Sun, 24 Sep 2017 13:35:40 GMT',
76 verbose headers   via: '1.1 varnish',
76 verbose headers   age: '229',
76 verbose headers   connection: 'keep-alive',
76 verbose headers   'x-served-by': 'cache-hhn1530-HHN',
76 verbose headers   'x-cache': 'HIT',
76 verbose headers   'x-cache-hits': '2',
76 verbose headers   'x-timer': 'S1506260140.085235,VS0,VE0',
76 verbose headers   vary: 'Accept-Encoding, Accept' }
77 silly get cb [ 200,
77 silly get   { server: 'nginx/1.10.1',
77 silly get     'content-type': 'application/json',
77 silly get     'last-modified': 'Wed, 16 Aug 2017 09:24:38 GMT',
77 silly get     etag: 'W/"59940f56-5538"',
77 silly get     'content-encoding': 'gzip',
77 silly get     'cache-control': 'max-age=300',
77 silly get     'content-length': '3314',
77 silly get     'accept-ranges': 'bytes',
77 silly get     date: 'Sun, 24 Sep 2017 13:35:40 GMT',
77 silly get     via: '1.1 varnish',
77 silly get     age: '229',
77 silly get     connection: 'keep-alive',
77 silly get     'x-served-by': 'cache-hhn1530-HHN',
77 silly get     'x-cache': 'HIT',
77 silly get     'x-cache-hits': '2',
77 silly get     'x-timer': 'S1506260140.085235,VS0,VE0',
77 silly get     vary: 'Accept-Encoding, Accept' } ]
78 verbose get saving adm-zip to /home/smertch/.npm/registry.npmjs.org/adm-zip/.cache.json
79 silly resolveWithNewModule adm-zip@0.4.7 checking installable status
80 silly cache add args [ 'adm-zip@^0.4.7', null ]
81 verbose cache add spec adm-zip@^0.4.7
82 silly cache add parsed spec Result {
82 silly cache add   raw: 'adm-zip@^0.4.7',
82 silly cache add   scope: null,
82 silly cache add   name: 'adm-zip',
82 silly cache add   rawSpec: '^0.4.7',
82 silly cache add   spec: '>=0.4.7 <0.5.0',
82 silly cache add   type: 'range' }
83 silly addNamed adm-zip@>=0.4.7 <0.5.0
84 verbose addNamed ">=0.4.7 <0.5.0" is a valid semver range for adm-zip
85 silly addNameRange { name: 'adm-zip', range: '>=0.4.7 <0.5.0', hasData: false }
86 silly mapToRegistry name adm-zip
87 silly mapToRegistry using default registry
88 silly mapToRegistry registry https://registry.npmjs.org/
89 silly mapToRegistry uri https://registry.npmjs.org/adm-zip
90 verbose addNameRange registry:https://registry.npmjs.org/adm-zip not in flight; fetching
91 verbose get https://registry.npmjs.org/adm-zip not expired, no request
92 silly addNameRange number 2 { name: 'adm-zip', range: '>=0.4.7 <0.5.0', hasData: true }
93 silly addNameRange versions [ 'adm-zip',
93 silly addNameRange   [ '0.1.1',
93 silly addNameRange     '0.1.2',
93 silly addNameRange     '0.1.3',
93 silly addNameRange     '0.1.4',
93 silly addNameRange     '0.1.5',
93 silly addNameRange     '0.1.6',
93 silly addNameRange     '0.1.7',
93 silly addNameRange     '0.1.8',
93 silly addNameRange     '0.1.9',
93 silly addNameRange     '0.2.0',
93 silly addNameRange     '0.2.1',
93 silly addNameRange     '0.4.3',
93 silly addNameRange     '0.4.4',
93 silly addNameRange     '0.4.5',
93 silly addNameRange     '0.4.6',
93 silly addNameRange     '0.4.7' ] ]
94 silly addNamed adm-zip@0.4.7
95 verbose addNamed "0.4.7" is a plain semver version for adm-zip
96 silly mapToRegistry name adm-zip
97 silly mapToRegistry using default registry
98 silly mapToRegistry registry https://registry.npmjs.org/
99 silly mapToRegistry uri https://registry.npmjs.org/adm-zip
100 verbose addRemoteTarball https://registry.npmjs.org/adm-zip/-/adm-zip-0.4.7.tgz not in flight; adding
101 verbose addRemoteTarball [ 'https://registry.npmjs.org/adm-zip/-/adm-zip-0.4.7.tgz',
101 verbose addRemoteTarball   '8606c2cbf1c426ce8c8ec00174447fd49b6eafc1' ]
102 info retry fetch attempt 1 at 16:35:50
103 info attempt registry request try #1 at 16:35:50
104 http fetch GET https://registry.npmjs.org/adm-zip/-/adm-zip-0.4.7.tgz
105 http fetch 200 https://registry.npmjs.org/adm-zip/-/adm-zip-0.4.7.tgz
106 silly fetchAndShaCheck shasum 8606c2cbf1c426ce8c8ec00174447fd49b6eafc1
107 verbose addTmpTarball /tmp/npm-8828-bb6bd4fc/registry.npmjs.org/adm-zip/-/adm-zip-0.4.7.tgz not in flight; adding
108 verbose addTmpTarball already have metadata; skipping unpack for adm-zip@0.4.7
109 silly cache afterAdd adm-zip@0.4.7
110 verbose afterAdd /home/smertch/.npm/adm-zip/0.4.7/package/package.json not in flight; writing
111 verbose afterAdd /home/smertch/.npm/adm-zip/0.4.7/package/package.json written
112 silly loadAllDepsIntoIdealTree Finishing
113 silly idealTree:prePrune testEmail
113 silly idealTree:prePrune ├── adm-zip@0.4.7
113 silly idealTree:prePrune ├── datatables.net-autofill@2.2.2
113 silly idealTree:prePrune ├── datatables.net-colreorder@1.4.1
113 silly idealTree:prePrune ├── datatables.net-dt@1.10.16
113 silly idealTree:prePrune ├── datatables.net-editor@1.6.5
113 silly idealTree:prePrune ├── datatables.net-scroller@1.4.3
113 silly idealTree:prePrune ├── datatables.net-select@1.2.3
113 silly idealTree:prePrune ├── datatables.net@1.10.16
113 silly idealTree:prePrune ├── hammerjs@2.0.8
113 silly idealTree:prePrune ├── jquery@3.2.1
113 silly idealTree:prePrune ├── materialize-css@0.100.2
113 silly idealTree:prePrune └── vue-async-data@1.0.2
114 silly loadIdealTree Finishing
115 silly currentTree testEmail
115 silly currentTree ├── datatables.net-autofill@2.2.2
115 silly currentTree ├── datatables.net-colreorder@1.4.1
115 silly currentTree ├── datatables.net-dt@1.10.16
115 silly currentTree ├── datatables.net-scroller@1.4.3
115 silly currentTree ├── datatables.net-select@1.2.3
115 silly currentTree ├── datatables.net@1.10.16
115 silly currentTree ├── hammerjs@2.0.8
115 silly currentTree ├── jquery@3.2.1
115 silly currentTree ├── materialize-css@0.100.2
115 silly currentTree └── vue-async-data@1.0.2
116 silly idealTree testEmail
116 silly idealTree ├── adm-zip@0.4.7
116 silly idealTree ├── datatables.net-autofill@2.2.2
116 silly idealTree ├── datatables.net-colreorder@1.4.1
116 silly idealTree ├── datatables.net-dt@1.10.16
116 silly idealTree ├── datatables.net-editor@1.6.5
116 silly idealTree ├── datatables.net-scroller@1.4.3
116 silly idealTree ├── datatables.net-select@1.2.3
116 silly idealTree ├── datatables.net@1.10.16
116 silly idealTree ├── hammerjs@2.0.8
116 silly idealTree ├── jquery@3.2.1
116 silly idealTree ├── materialize-css@0.100.2
116 silly idealTree └── vue-async-data@1.0.2
117 silly generateActionsToTake Starting
118 silly install generateActionsToTake
119 silly generateActionsToTake Finishing
120 silly diffTrees action count 11
121 silly diffTrees add adm-zip@0.4.7
122 silly diffTrees update datatables.net@1.10.16
123 silly diffTrees update hammerjs@2.0.8
124 silly diffTrees update datatables.net-autofill@2.2.2
125 silly diffTrees update datatables.net-colreorder@1.4.1
126 silly diffTrees update datatables.net-dt@1.10.16
127 silly diffTrees add datatables.net-editor@1.6.5
128 silly diffTrees update datatables.net-scroller@1.4.3
129 silly diffTrees update datatables.net-select@1.2.3
130 silly diffTrees update materialize-css@0.100.2
131 silly diffTrees update vue-async-data@1.0.2
132 silly decomposeActions action count 88
133 silly decomposeActions fetch adm-zip@0.4.7
134 silly decomposeActions extract adm-zip@0.4.7
135 silly decomposeActions test adm-zip@0.4.7
136 silly decomposeActions preinstall adm-zip@0.4.7
137 silly decomposeActions build adm-zip@0.4.7
138 silly decomposeActions install adm-zip@0.4.7
139 silly decomposeActions postinstall adm-zip@0.4.7
140 silly decomposeActions finalize adm-zip@0.4.7
141 silly decomposeActions fetch datatables.net@1.10.16
142 silly decomposeActions extract datatables.net@1.10.16
143 silly decomposeActions test datatables.net@1.10.16
144 silly decomposeActions preinstall datatables.net@1.10.16
145 silly decomposeActions build datatables.net@1.10.16
146 silly decomposeActions install datatables.net@1.10.16
147 silly decomposeActions postinstall datatables.net@1.10.16
148 silly decomposeActions finalize datatables.net@1.10.16
149 silly decomposeActions fetch hammerjs@2.0.8
150 silly decomposeActions extract hammerjs@2.0.8
151 silly decomposeActions test hammerjs@2.0.8
152 silly decomposeActions preinstall hammerjs@2.0.8
153 silly decomposeActions build hammerjs@2.0.8
154 silly decomposeActions install hammerjs@2.0.8
155 silly decomposeActions postinstall hammerjs@2.0.8
156 silly decomposeActions finalize hammerjs@2.0.8
157 silly decomposeActions fetch datatables.net-autofill@2.2.2
158 silly decomposeActions extract datatables.net-autofill@2.2.2
159 silly decomposeActions test datatables.net-autofill@2.2.2
160 silly decomposeActions preinstall datatables.net-autofill@2.2.2
161 silly decomposeActions build datatables.net-autofill@2.2.2
162 silly decomposeActions install datatables.net-autofill@2.2.2
163 silly decomposeActions postinstall datatables.net-autofill@2.2.2
164 silly decomposeActions finalize datatables.net-autofill@2.2.2
165 silly decomposeActions fetch datatables.net-colreorder@1.4.1
166 silly decomposeActions extract datatables.net-colreorder@1.4.1
167 silly decomposeActions test datatables.net-colreorder@1.4.1
168 silly decomposeActions preinstall datatables.net-colreorder@1.4.1
169 silly decomposeActions build datatables.net-colreorder@1.4.1
170 silly decomposeActions install datatables.net-colreorder@1.4.1
171 silly decomposeActions postinstall datatables.net-colreorder@1.4.1
172 silly decomposeActions finalize datatables.net-colreorder@1.4.1
173 silly decomposeActions fetch datatables.net-dt@1.10.16
174 silly decomposeActions extract datatables.net-dt@1.10.16
175 silly decomposeActions test datatables.net-dt@1.10.16
176 silly decomposeActions preinstall datatables.net-dt@1.10.16
177 silly decomposeActions build datatables.net-dt@1.10.16
178 silly decomposeActions install datatables.net-dt@1.10.16
179 silly decomposeActions postinstall datatables.net-dt@1.10.16
180 silly decomposeActions finalize datatables.net-dt@1.10.16
181 silly decomposeActions fetch datatables.net-editor@1.6.5
182 silly decomposeActions extract datatables.net-editor@1.6.5
183 silly decomposeActions test datatables.net-editor@1.6.5
184 silly decomposeActions preinstall datatables.net-editor@1.6.5
185 silly decomposeActions build datatables.net-editor@1.6.5
186 silly decomposeActions install datatables.net-editor@1.6.5
187 silly decomposeActions postinstall datatables.net-editor@1.6.5
188 silly decomposeActions finalize datatables.net-editor@1.6.5
189 silly decomposeActions fetch datatables.net-scroller@1.4.3
190 silly decomposeActions extract datatables.net-scroller@1.4.3
191 silly decomposeActions test datatables.net-scroller@1.4.3
192 silly decomposeActions preinstall datatables.net-scroller@1.4.3
193 silly decomposeActions build datatables.net-scroller@1.4.3
194 silly decomposeActions install datatables.net-scroller@1.4.3
195 silly decomposeActions postinstall datatables.net-scroller@1.4.3
196 silly decomposeActions finalize datatables.net-scroller@1.4.3
197 silly decomposeActions fetch datatables.net-select@1.2.3
198 silly decomposeActions extract datatables.net-select@1.2.3
199 silly decomposeActions test datatables.net-select@1.2.3
200 silly decomposeActions preinstall datatables.net-select@1.2.3
201 silly decomposeActions build datatables.net-select@1.2.3
202 silly decomposeActions install datatables.net-select@1.2.3
203 silly decomposeActions postinstall datatables.net-select@1.2.3
204 silly decomposeActions finalize datatables.net-select@1.2.3
205 silly decomposeActions fetch materialize-css@0.100.2
206 silly decomposeActions extract materialize-css@0.100.2
207 silly decomposeActions test materialize-css@0.100.2
208 silly decomposeActions preinstall materialize-css@0.100.2
209 silly decomposeActions build materialize-css@0.100.2
210 silly decomposeActions install materialize-css@0.100.2
211 silly decomposeActions postinstall materialize-css@0.100.2
212 silly decomposeActions finalize materialize-css@0.100.2
213 silly decomposeActions fetch vue-async-data@1.0.2
214 silly decomposeActions extract vue-async-data@1.0.2
215 silly decomposeActions test vue-async-data@1.0.2
216 silly decomposeActions preinstall vue-async-data@1.0.2
217 silly decomposeActions build vue-async-data@1.0.2
218 silly decomposeActions install vue-async-data@1.0.2
219 silly decomposeActions postinstall vue-async-data@1.0.2
220 silly decomposeActions finalize vue-async-data@1.0.2
221 silly executeActions Starting
222 silly install executeActions
223 silly doSerial global-install 0
224 silly doParallel fetch 11
225 verbose lock using /home/smertch/.npm/_locks/staging-ecabeb7e623d742b.lock for /home/smertch/www/testEmail/node_modules/.staging
226 silly doParallel extract 11
227 silly extract adm-zip@0.4.7
228 silly extract datatables.net@1.10.16
229 silly extract hammerjs@2.0.8
230 silly extract datatables.net-autofill@2.2.2
231 silly extract datatables.net-colreorder@1.4.1
232 silly extract datatables.net-dt@1.10.16
233 silly extract datatables.net-editor@1.6.5
234 silly extract datatables.net-scroller@1.4.3
235 silly extract datatables.net-select@1.2.3
236 silly extract materialize-css@0.100.2
237 silly extract vue-async-data@1.0.2
238 verbose unbuild node_modules/.staging/datatables.net-e25353cc
239 verbose unbuild node_modules/.staging/adm-zip-fddf1735
240 verbose unbuild node_modules/.staging/hammerjs-949ec108
241 verbose unbuild node_modules/.staging/datatables.net-autofill-38211bba
242 verbose unbuild node_modules/.staging/datatables.net-colreorder-518f3372
243 verbose unbuild node_modules/.staging/datatables.net-dt-c5378890
244 verbose unbuild node_modules/.staging/datatables.net-editor-674640a8
245 verbose unbuild node_modules/.staging/datatables.net-scroller-661314d2
246 verbose unbuild node_modules/.staging/datatables.net-select-2821915c
247 verbose unbuild node_modules/.staging/materialize-css-5e544072
248 verbose unbuild node_modules/.staging/vue-async-data-3c65e519
249 silly gentlyRm /home/smertch/www/testEmail/node_modules/.staging/datatables.net-e25353cc is being purged from base /home/smertch/www/testEmail
250 verbose gentlyRm don't care about contents; nuking /home/smertch/www/testEmail/node_modules/.staging/datatables.net-e25353cc
251 silly gentlyRm /home/smertch/www/testEmail/node_modules/.staging/adm-zip-fddf1735 is being purged from base /home/smertch/www/testEmail
252 verbose gentlyRm don't care about contents; nuking /home/smertch/www/testEmail/node_modules/.staging/adm-zip-fddf1735
253 silly gentlyRm /home/smertch/www/testEmail/node_modules/.staging/hammerjs-949ec108 is being purged from base /home/smertch/www/testEmail
254 verbose gentlyRm don't care about contents; nuking /home/smertch/www/testEmail/node_modules/.staging/hammerjs-949ec108
255 silly gentlyRm /home/smertch/www/testEmail/node_modules/.staging/datatables.net-autofill-38211bba is being purged from base /home/smertch/www/testEmail
256 verbose gentlyRm don't care about contents; nuking /home/smertch/www/testEmail/node_modules/.staging/datatables.net-autofill-38211bba
257 silly gentlyRm /home/smertch/www/testEmail/node_modules/.staging/datatables.net-colreorder-518f3372 is being purged from base /home/smertch/www/testEmail
258 verbose gentlyRm don't care about contents; nuking /home/smertch/www/testEmail/node_modules/.staging/datatables.net-colreorder-518f3372
259 silly gentlyRm /home/smertch/www/testEmail/node_modules/.staging/datatables.net-dt-c5378890 is being purged from base /home/smertch/www/testEmail
260 verbose gentlyRm don't care about contents; nuking /home/smertch/www/testEmail/node_modules/.staging/datatables.net-dt-c5378890
261 silly gentlyRm /home/smertch/www/testEmail/node_modules/.staging/datatables.net-editor-674640a8 is being purged from base /home/smertch/www/testEmail
262 verbose gentlyRm don't care about contents; nuking /home/smertch/www/testEmail/node_modules/.staging/datatables.net-editor-674640a8
263 silly gentlyRm /home/smertch/www/testEmail/node_modules/.staging/datatables.net-scroller-661314d2 is being purged from base /home/smertch/www/testEmail
264 verbose gentlyRm don't care about contents; nuking /home/smertch/www/testEmail/node_modules/.staging/datatables.net-scroller-661314d2
265 silly gentlyRm /home/smertch/www/testEmail/node_modules/.staging/datatables.net-select-2821915c is being purged from base /home/smertch/www/testEmail
266 verbose gentlyRm don't care about contents; nuking /home/smertch/www/testEmail/node_modules/.staging/datatables.net-select-2821915c
267 silly gentlyRm /home/smertch/www/testEmail/node_modules/.staging/materialize-css-5e544072 is being purged from base /home/smertch/www/testEmail
268 verbose gentlyRm don't care about contents; nuking /home/smertch/www/testEmail/node_modules/.staging/materialize-css-5e544072
269 silly gentlyRm /home/smertch/www/testEmail/node_modules/.staging/vue-async-data-3c65e519 is being purged from base /home/smertch/www/testEmail
270 verbose gentlyRm don't care about contents; nuking /home/smertch/www/testEmail/node_modules/.staging/vue-async-data-3c65e519
271 verbose tar unpack /home/smertch/.npm/datatables.net/1.10.16/package.tgz
272 verbose tar unpacking to /home/smertch/www/testEmail/node_modules/.staging/datatables.net-e25353cc
273 silly gentlyRm /home/smertch/www/testEmail/node_modules/.staging/datatables.net-e25353cc is being purged
274 verbose gentlyRm don't care about contents; nuking /home/smertch/www/testEmail/node_modules/.staging/datatables.net-e25353cc
275 verbose tar unpack /home/smertch/.npm/adm-zip/0.4.7/package.tgz
276 verbose tar unpacking to /home/smertch/www/testEmail/node_modules/.staging/adm-zip-fddf1735
277 silly gentlyRm /home/smertch/www/testEmail/node_modules/.staging/adm-zip-fddf1735 is being purged
278 verbose gentlyRm don't care about contents; nuking /home/smertch/www/testEmail/node_modules/.staging/adm-zip-fddf1735
279 verbose tar unpack /home/smertch/.npm/hammerjs/2.0.8/package.tgz
280 verbose tar unpacking to /home/smertch/www/testEmail/node_modules/.staging/hammerjs-949ec108
281 silly gentlyRm /home/smertch/www/testEmail/node_modules/.staging/hammerjs-949ec108 is being purged
282 verbose gentlyRm don't care about contents; nuking /home/smertch/www/testEmail/node_modules/.staging/hammerjs-949ec108
283 verbose tar unpack /home/smertch/.npm/datatables.net-autofill/2.2.2/package.tgz
284 verbose tar unpacking to /home/smertch/www/testEmail/node_modules/.staging/datatables.net-autofill-38211bba
285 silly gentlyRm /home/smertch/www/testEmail/node_modules/.staging/datatables.net-autofill-38211bba is being purged
286 verbose gentlyRm don't care about contents; nuking /home/smertch/www/testEmail/node_modules/.staging/datatables.net-autofill-38211bba
287 verbose tar unpack /home/smertch/.npm/datatables.net-colreorder/1.4.1/package.tgz
288 verbose tar unpacking to /home/smertch/www/testEmail/node_modules/.staging/datatables.net-colreorder-518f3372
289 silly gentlyRm /home/smertch/www/testEmail/node_modules/.staging/datatables.net-colreorder-518f3372 is being purged
290 verbose gentlyRm don't care about contents; nuking /home/smertch/www/testEmail/node_modules/.staging/datatables.net-colreorder-518f3372
291 verbose tar unpack /home/smertch/.npm/datatables.net-dt/1.10.16/package.tgz
292 verbose tar unpacking to /home/smertch/www/testEmail/node_modules/.staging/datatables.net-dt-c5378890
293 silly gentlyRm /home/smertch/www/testEmail/node_modules/.staging/datatables.net-dt-c5378890 is being purged
294 verbose gentlyRm don't care about contents; nuking /home/smertch/www/testEmail/node_modules/.staging/datatables.net-dt-c5378890
295 verbose tar unpack /home/smertch/.npm/datatables.net-editor/1.6.5/package.tgz
296 verbose tar unpacking to /home/smertch/www/testEmail/node_modules/.staging/datatables.net-editor-674640a8
297 silly gentlyRm /home/smertch/www/testEmail/node_modules/.staging/datatables.net-editor-674640a8 is being purged
298 verbose gentlyRm don't care about contents; nuking /home/smertch/www/testEmail/node_modules/.staging/datatables.net-editor-674640a8
299 verbose tar unpack /home/smertch/.npm/datatables.net-scroller/1.4.3/package.tgz
300 verbose tar unpacking to /home/smertch/www/testEmail/node_modules/.staging/datatables.net-scroller-661314d2
301 silly gentlyRm /home/smertch/www/testEmail/node_modules/.staging/datatables.net-scroller-661314d2 is being purged
302 verbose gentlyRm don't care about contents; nuking /home/smertch/www/testEmail/node_modules/.staging/datatables.net-scroller-661314d2
303 verbose tar unpack /home/smertch/.npm/datatables.net-select/1.2.3/package.tgz
304 verbose tar unpacking to /home/smertch/www/testEmail/node_modules/.staging/datatables.net-select-2821915c
305 silly gentlyRm /home/smertch/www/testEmail/node_modules/.staging/datatables.net-select-2821915c is being purged
306 verbose gentlyRm don't care about contents; nuking /home/smertch/www/testEmail/node_modules/.staging/datatables.net-select-2821915c
307 verbose tar unpack /home/smertch/.npm/materialize-css/0.100.2/package.tgz
308 verbose tar unpacking to /home/smertch/www/testEmail/node_modules/.staging/materialize-css-5e544072
309 silly gentlyRm /home/smertch/www/testEmail/node_modules/.staging/materialize-css-5e544072 is being purged
310 verbose gentlyRm don't care about contents; nuking /home/smertch/www/testEmail/node_modules/.staging/materialize-css-5e544072
311 verbose tar unpack /home/smertch/.npm/vue-async-data/1.0.2/package.tgz
312 verbose tar unpacking to /home/smertch/www/testEmail/node_modules/.staging/vue-async-data-3c65e519
313 silly gentlyRm /home/smertch/www/testEmail/node_modules/.staging/vue-async-data-3c65e519 is being purged
314 verbose gentlyRm don't care about contents; nuking /home/smertch/www/testEmail/node_modules/.staging/vue-async-data-3c65e519
315 silly gunzTarPerm modes [ '775', '664' ]
316 silly gunzTarPerm modes [ '775', '664' ]
317 silly gunzTarPerm modes [ '775', '664' ]
318 silly gunzTarPerm modes [ '775', '664' ]
319 silly gunzTarPerm modes [ '775', '664' ]
320 silly gunzTarPerm modes [ '775', '664' ]
321 silly gunzTarPerm modes [ '775', '664' ]
322 silly gunzTarPerm modes [ '775', '664' ]
323 silly gunzTarPerm modes [ '775', '664' ]
324 silly gunzTarPerm modes [ '775', '664' ]
325 silly gunzTarPerm modes [ '775', '664' ]
326 silly gunzTarPerm extractEntry package.json
327 silly gunzTarPerm modified mode [ 'package.json', 420, 436 ]
328 silly gunzTarPerm extractEntry package.json
329 silly gunzTarPerm modified mode [ 'package.json', 438, 436 ]
330 silly gunzTarPerm extractEntry package.json
331 silly gunzTarPerm modified mode [ 'package.json', 420, 436 ]
332 silly gunzTarPerm extractEntry package.json
333 silly gunzTarPerm modified mode [ 'package.json', 420, 436 ]
334 silly gunzTarPerm extractEntry package.json
335 silly gunzTarPerm modified mode [ 'package.json', 420, 436 ]
336 silly gunzTarPerm extractEntry package.json
337 silly gunzTarPerm modified mode [ 'package.json', 420, 436 ]
338 silly gunzTarPerm extractEntry package.json
339 silly gunzTarPerm extractEntry package.json
340 silly gunzTarPerm modified mode [ 'package.json', 420, 436 ]
341 silly gunzTarPerm extractEntry package.json
342 silly gunzTarPerm modified mode [ 'package.json', 420, 436 ]
343 silly gunzTarPerm extractEntry package.json
344 silly gunzTarPerm modified mode [ 'package.json', 438, 436 ]
345 silly gunzTarPerm extractEntry package.json
346 silly gunzTarPerm modified mode [ 'package.json', 420, 436 ]
347 silly gunzTarPerm extractEntry Readme.md
348 silly gunzTarPerm modified mode [ 'Readme.md', 420, 436 ]
349 silly gunzTarPerm extractEntry js/jquery.dataTables.js
350 silly gunzTarPerm modified mode [ 'js/jquery.dataTables.js', 420, 436 ]
351 silly gunzTarPerm extractEntry README.md
352 silly gunzTarPerm modified mode [ 'README.md', 438, 436 ]
353 silly gunzTarPerm extractEntry adm-zip.js
354 silly gunzTarPerm modified mode [ 'adm-zip.js', 438, 436 ]
355 silly gunzTarPerm extractEntry .npmignore
356 silly gunzTarPerm modified mode [ '.npmignore', 420, 436 ]
357 silly gunzTarPerm extractEntry README.md
358 silly gunzTarPerm modified mode [ 'README.md', 420, 436 ]
359 silly gunzTarPerm extractEntry Readme.md
360 silly gunzTarPerm modified mode [ 'Readme.md', 420, 436 ]
361 silly gunzTarPerm extractEntry js/dataTables.autoFill.js
362 silly gunzTarPerm modified mode [ 'js/dataTables.autoFill.js', 493, 509 ]
363 silly gunzTarPerm extractEntry Readme.md
364 silly gunzTarPerm modified mode [ 'Readme.md', 420, 436 ]
365 silly gunzTarPerm extractEntry js/dataTables.colReorder.js
366 silly gunzTarPerm modified mode [ 'js/dataTables.colReorder.js', 493, 509 ]
367 silly gunzTarPerm extractEntry Readme.md
368 silly gunzTarPerm modified mode [ 'Readme.md', 420, 436 ]
369 silly gunzTarPerm extractEntry css/jquery.dataTables.css
370 silly gunzTarPerm modified mode [ 'css/jquery.dataTables.css', 420, 436 ]
371 silly gunzTarPerm extractEntry install.js
372 silly gunzTarPerm extractEntry postinstall.js
373 silly gunzTarPerm extractEntry Readme.md
374 silly gunzTarPerm modified mode [ 'Readme.md', 420, 436 ]
375 silly gunzTarPerm extractEntry js/dataTables.scroller.js
376 silly gunzTarPerm modified mode [ 'js/dataTables.scroller.js', 420, 436 ]
377 silly gunzTarPerm extractEntry Readme.md
378 silly gunzTarPerm modified mode [ 'Readme.md', 420, 436 ]
379 silly gunzTarPerm extractEntry js/dataTables.select.js
380 silly gunzTarPerm modified mode [ 'js/dataTables.select.js', 420, 436 ]
381 silly gunzTarPerm extractEntry README.md
382 silly gunzTarPerm modified mode [ 'README.md', 438, 436 ]
383 silly gunzTarPerm extractEntry LICENSE
384 silly gunzTarPerm modified mode [ 'LICENSE', 438, 436 ]
385 silly gunzTarPerm extractEntry .npmignore
386 silly gunzTarPerm modified mode [ '.npmignore', 420, 436 ]
387 silly gunzTarPerm extractEntry README.md
388 silly gunzTarPerm modified mode [ 'README.md', 420, 436 ]
389 silly gunzTarPerm extractEntry zipEntry.js
390 silly gunzTarPerm modified mode [ 'zipEntry.js', 438, 436 ]
391 silly gunzTarPerm extractEntry changelog.js
392 silly gunzTarPerm modified mode [ 'changelog.js', 420, 436 ]
393 silly gunzTarPerm extractEntry hammer.js
394 silly gunzTarPerm modified mode [ 'hammer.js', 420, 436 ]
395 silly gunzTarPerm extractEntry js/dataTables.colReorder.min.js
396 silly gunzTarPerm modified mode [ 'js/dataTables.colReorder.min.js', 420, 436 ]
397 silly gunzTarPerm extractEntry images/sort_asc.png
398 silly gunzTarPerm modified mode [ 'images/sort_asc.png', 420, 436 ]
399 silly gunzTarPerm extractEntry js/dataTables.autoFill.min.js
400 silly gunzTarPerm modified mode [ 'js/dataTables.autoFill.min.js', 420, 436 ]
401 silly gunzTarPerm extractEntry License.md
402 silly gunzTarPerm extractEntry Readme.md
403 silly gunzTarPerm extractEntry js/dataTables.scroller.min.js
404 silly gunzTarPerm modified mode [ 'js/dataTables.scroller.min.js', 420, 436 ]
405 silly gunzTarPerm extractEntry js/dataTables.select.min.js
406 silly gunzTarPerm modified mode [ 'js/dataTables.select.min.js', 420, 436 ]
407 silly gunzTarPerm extractEntry Gruntfile.js
408 silly gunzTarPerm modified mode [ 'Gruntfile.js', 438, 436 ]
409 silly gunzTarPerm extractEntry vue-async-data.js
410 silly gunzTarPerm modified mode [ 'vue-async-data.js', 420, 436 ]
411 silly gunzTarPerm extractEntry example/example.build.js
412 silly gunzTarPerm modified mode [ 'example/example.build.js', 420, 436 ]
413 silly gunzTarPerm extractEntry dist/css/materialize.css
414 silly gunzTarPerm modified mode [ 'dist/css/materialize.css', 438, 436 ]
415 silly gunzTarPerm extractEntry hammer.min.js
416 silly gunzTarPerm modified mode [ 'hammer.min.js', 420, 436 ]
417 silly gunzTarPerm extractEntry images/sort_asc_disabled.png
418 silly gunzTarPerm modified mode [ 'images/sort_asc_disabled.png', 420, 436 ]
419 silly gunzTarPerm extractEntry images/sort_both.png
420 silly gunzTarPerm modified mode [ 'images/sort_both.png', 420, 436 ]
421 silly gunzTarPerm extractEntry zipFile.js
422 silly gunzTarPerm modified mode [ 'zipFile.js', 438, 436 ]
423 silly gunzTarPerm extractEntry headers/entryHeader.js
424 silly gunzTarPerm modified mode [ 'headers/entryHeader.js', 438, 436 ]
425 silly gunzTarPerm extractEntry headers/index.js
426 silly gunzTarPerm modified mode [ 'headers/index.js', 438, 436 ]
427 silly gunzTarPerm extractEntry js/dataTables.editor.js
428 silly gunzTarPerm extractEntry js/dataTables.editor.min.js
429 silly gunzTarPerm extractEntry example/example.js
430 silly gunzTarPerm modified mode [ 'example/example.js', 420, 436 ]
431 silly gunzTarPerm extractEntry dist/css/materialize.min.css
432 silly gunzTarPerm modified mode [ 'dist/css/materialize.min.css', 438, 436 ]
433 silly gunzTarPerm extractEntry dist/fonts/roboto/Roboto-Bold.woff
434 silly gunzTarPerm modified mode [ 'dist/fonts/roboto/Roboto-Bold.woff', 438, 436 ]
435 silly gunzTarPerm extractEntry headers/mainHeader.js
436 silly gunzTarPerm modified mode [ 'headers/mainHeader.js', 438, 436 ]
437 silly gunzTarPerm extractEntry bower.json
438 silly gunzTarPerm modified mode [ 'bower.json', 420, 436 ]
439 silly gunzTarPerm extractEntry CONTRIBUTING.md
440 silly gunzTarPerm modified mode [ 'CONTRIBUTING.md', 420, 436 ]
441 silly gunzTarPerm extractEntry example/example.html
442 silly gunzTarPerm modified mode [ 'example/example.html', 420, 436 ]
443 silly gunzTarPerm extractEntry images/sort_desc.png
444 silly gunzTarPerm modified mode [ 'images/sort_desc.png', 420, 436 ]
445 silly gunzTarPerm extractEntry images/sort_desc_disabled.png
446 silly gunzTarPerm modified mode [ 'images/sort_desc_disabled.png', 420, 436 ]
447 silly gunzTarPerm extractEntry methods/deflater.js
448 silly gunzTarPerm modified mode [ 'methods/deflater.js', 438, 436 ]
449 silly gunzTarPerm extractEntry methods/index.js
450 silly gunzTarPerm modified mode [ 'methods/index.js', 438, 436 ]
451 silly gunzTarPerm extractEntry dist/fonts/roboto/Roboto-Bold.woff2
452 silly gunzTarPerm modified mode [ 'dist/fonts/roboto/Roboto-Bold.woff2', 438, 436 ]
453 silly gunzTarPerm extractEntry Gruntfile.coffee
454 silly gunzTarPerm modified mode [ 'Gruntfile.coffee', 420, 436 ]
455 silly gunzTarPerm extractEntry LICENSE.md
456 silly gunzTarPerm modified mode [ 'LICENSE.md', 420, 436 ]
457 silly gunzTarPerm extractEntry .bowerrc
458 silly gunzTarPerm modified mode [ '.bowerrc', 420, 436 ]
459 silly gunzTarPerm extractEntry methods/inflater.js
460 silly gunzTarPerm modified mode [ 'methods/inflater.js', 438, 436 ]
461 silly gunzTarPerm extractEntry util/constants.js
462 silly gunzTarPerm modified mode [ 'util/constants.js', 438, 436 ]
463 silly gunzTarPerm extractEntry .jscsrc
464 silly gunzTarPerm modified mode [ '.jscsrc', 420, 436 ]
465 silly gunzTarPerm extractEntry component.json
466 silly gunzTarPerm modified mode [ 'component.json', 420, 436 ]
467 silly gunzTarPerm extractEntry .jshintrc
468 silly gunzTarPerm modified mode [ '.jshintrc', 420, 436 ]
469 silly gunzTarPerm extractEntry .travis.yml
470 silly gunzTarPerm modified mode [ '.travis.yml', 420, 436 ]
471 silly gunzTarPerm extractEntry dist/fonts/roboto/Roboto-Light.woff
472 silly gunzTarPerm modified mode [ 'dist/fonts/roboto/Roboto-Light.woff', 438, 436 ]
473 silly gunzTarPerm extractEntry util/errors.js
474 silly gunzTarPerm modified mode [ 'util/errors.js', 438, 436 ]
475 silly gunzTarPerm extractEntry util/fattr.js
476 silly gunzTarPerm modified mode [ 'util/fattr.js', 438, 436 ]
477 silly gunzTarPerm extractEntry dist/fonts/roboto/Roboto-Light.woff2
478 silly gunzTarPerm modified mode [ 'dist/fonts/roboto/Roboto-Light.woff2', 438, 436 ]
479 silly gentlyRm /home/smertch/www/testEmail/node_modules/.staging/datatables.net-autofill-38211bba/node_modules is being purged
480 verbose gentlyRm don't care about contents; nuking /home/smertch/www/testEmail/node_modules/.staging/datatables.net-autofill-38211bba/node_modules
481 silly gentlyRm /home/smertch/www/testEmail/node_modules/.staging/datatables.net-select-2821915c/node_modules is being purged
482 verbose gentlyRm don't care about contents; nuking /home/smertch/www/testEmail/node_modules/.staging/datatables.net-select-2821915c/node_modules
483 silly gunzTarPerm extractEntry hammer.min.js.map
484 silly gunzTarPerm modified mode [ 'hammer.min.js.map', 420, 436 ]
485 silly gunzTarPerm extractEntry hammer.min.map
486 silly gunzTarPerm modified mode [ 'hammer.min.map', 420, 436 ]
487 silly gunzTarPerm extractEntry src/expose.js
488 silly gunzTarPerm modified mode [ 'src/expose.js', 420, 436 ]
489 silly gentlyRm /home/smertch/www/testEmail/node_modules/.staging/datatables.net-colreorder-518f3372/node_modules is being purged
490 verbose gentlyRm don't care about contents; nuking /home/smertch/www/testEmail/node_modules/.staging/datatables.net-colreorder-518f3372/node_modules
491 silly gentlyRm /home/smertch/www/testEmail/node_modules/.staging/datatables.net-scroller-661314d2/node_modules is being purged
492 verbose gentlyRm don't care about contents; nuking /home/smertch/www/testEmail/node_modules/.staging/datatables.net-scroller-661314d2/node_modules
493 silly gunzTarPerm extractEntry src/hammer.prefix.js
494 silly gunzTarPerm modified mode [ 'src/hammer.prefix.js', 420, 436 ]
495 silly gunzTarPerm extractEntry dist/fonts/roboto/Roboto-Medium.woff
496 silly gunzTarPerm modified mode [ 'dist/fonts/roboto/Roboto-Medium.woff', 438, 436 ]
497 silly gunzTarPerm extractEntry util/index.js
498 silly gunzTarPerm modified mode [ 'util/index.js', 438, 436 ]
499 silly gunzTarPerm extractEntry util/utils.js
500 silly gunzTarPerm modified mode [ 'util/utils.js', 438, 436 ]
501 silly gunzTarPerm extractEntry dist/fonts/roboto/Roboto-Medium.woff2
502 silly gunzTarPerm modified mode [ 'dist/fonts/roboto/Roboto-Medium.woff2', 438, 436 ]
503 silly gunzTarPerm extractEntry src/hammer.suffix.js
504 silly gunzTarPerm modified mode [ 'src/hammer.suffix.js', 420, 436 ]
505 silly gunzTarPerm extractEntry src/touchaction.js
506 silly gunzTarPerm modified mode [ 'src/touchaction.js', 420, 436 ]
507 silly gunzTarPerm extractEntry src/hammer.js
508 silly gunzTarPerm modified mode [ 'src/hammer.js', 420, 436 ]
509 silly gunzTarPerm extractEntry src/manager.js
510 silly gunzTarPerm modified mode [ 'src/manager.js', 420, 436 ]
511 silly gentlyRm /home/smertch/www/testEmail/node_modules/.staging/datatables.net-editor-674640a8/node_modules is being purged
512 verbose gentlyRm don't care about contents; nuking /home/smertch/www/testEmail/node_modules/.staging/datatables.net-editor-674640a8/node_modules
513 silly gunzTarPerm extractEntry dist/fonts/roboto/Roboto-Regular.woff
514 silly gunzTarPerm modified mode [ 'dist/fonts/roboto/Roboto-Regular.woff', 438, 436 ]
515 silly gunzTarPerm extractEntry src/recognizer.js
516 silly gunzTarPerm modified mode [ 'src/recognizer.js', 420, 436 ]
517 silly gunzTarPerm extractEntry src/utils.js
518 silly gunzTarPerm modified mode [ 'src/utils.js', 420, 436 ]
519 silly gentlyRm /home/smertch/www/testEmail/node_modules/.staging/datatables.net-dt-c5378890/node_modules is being purged
520 verbose gentlyRm don't care about contents; nuking /home/smertch/www/testEmail/node_modules/.staging/datatables.net-dt-c5378890/node_modules
521 silly gunzTarPerm extractEntry dist/fonts/roboto/Roboto-Regular.woff2
522 silly gunzTarPerm modified mode [ 'dist/fonts/roboto/Roboto-Regular.woff2', 438, 436 ]
523 silly gunzTarPerm extractEntry src/input.js
524 silly gunzTarPerm modified mode [ 'src/input.js', 420, 436 ]
525 silly gunzTarPerm extractEntry src/recognizers/attribute.js
526 silly gunzTarPerm modified mode [ 'src/recognizers/attribute.js', 420, 436 ]
527 silly gunzTarPerm extractEntry dist/fonts/roboto/Roboto-Thin.woff
528 silly gunzTarPerm modified mode [ 'dist/fonts/roboto/Roboto-Thin.woff', 438, 436 ]
529 silly gentlyRm /home/smertch/www/testEmail/node_modules/.staging/datatables.net-e25353cc/node_modules is being purged
530 verbose gentlyRm don't care about contents; nuking /home/smertch/www/testEmail/node_modules/.staging/datatables.net-e25353cc/node_modules
531 silly gunzTarPerm extractEntry src/recognizers/pan.js
532 silly gunzTarPerm modified mode [ 'src/recognizers/pan.js', 420, 436 ]
533 silly gunzTarPerm extractEntry src/recognizers/pinch.js
534 silly gunzTarPerm modified mode [ 'src/recognizers/pinch.js', 420, 436 ]
535 silly gentlyRm /home/smertch/www/testEmail/node_modules/.staging/vue-async-data-3c65e519/node_modules is being purged
536 verbose gentlyRm don't care about contents; nuking /home/smertch/www/testEmail/node_modules/.staging/vue-async-data-3c65e519/node_modules
537 silly gunzTarPerm extractEntry src/recognizers/press.js
538 silly gunzTarPerm modified mode [ 'src/recognizers/press.js', 420, 436 ]
539 silly gunzTarPerm extractEntry src/recognizers/rotate.js
540 silly gunzTarPerm modified mode [ 'src/recognizers/rotate.js', 420, 436 ]
541 silly gunzTarPerm extractEntry dist/fonts/roboto/Roboto-Thin.woff2
542 silly gunzTarPerm modified mode [ 'dist/fonts/roboto/Roboto-Thin.woff2', 438, 436 ]
543 silly gunzTarPerm extractEntry dist/js/materialize.js
544 silly gunzTarPerm modified mode [ 'dist/js/materialize.js', 438, 436 ]
545 silly gunzTarPerm extractEntry src/recognizers/swipe.js
546 silly gunzTarPerm modified mode [ 'src/recognizers/swipe.js', 420, 436 ]
547 silly gunzTarPerm extractEntry src/recognizers/tap.js
548 silly gunzTarPerm modified mode [ 'src/recognizers/tap.js', 420, 436 ]
549 silly gunzTarPerm extractEntry src/input/mouse.js
550 silly gunzTarPerm modified mode [ 'src/input/mouse.js', 420, 436 ]
551 silly gunzTarPerm extractEntry src/input/pointerevent.js
552 silly gunzTarPerm modified mode [ 'src/input/pointerevent.js', 420, 436 ]
553 silly gunzTarPerm extractEntry src/input/singletouch.js
554 silly gunzTarPerm modified mode [ 'src/input/singletouch.js', 420, 436 ]
555 silly gunzTarPerm extractEntry src/input/touch.js
556 silly gunzTarPerm modified mode [ 'src/input/touch.js', 420, 436 ]
557 silly gunzTarPerm extractEntry src/input/touchmouse.js
558 silly gunzTarPerm modified mode [ 'src/input/touchmouse.js', 420, 436 ]
559 silly gunzTarPerm extractEntry CHANGELOG.md
560 silly gunzTarPerm modified mode [ 'CHANGELOG.md', 420, 436 ]
561 silly gunzTarPerm extractEntry tests/manual/assets/style.css
562 silly gunzTarPerm modified mode [ 'tests/manual/assets/style.css', 420, 436 ]
563 silly gunzTarPerm extractEntry tests/manual/compute_touch_action.html
564 silly gunzTarPerm modified mode [ 'tests/manual/compute_touch_action.html', 420, 436 ]
565 silly gunzTarPerm extractEntry dist/js/materialize.min.js
566 silly gunzTarPerm modified mode [ 'dist/js/materialize.min.js', 438, 436 ]
567 silly gunzTarPerm extractEntry tests/manual/input.html
568 silly gunzTarPerm modified mode [ 'tests/manual/input.html', 420, 436 ]
569 silly gunzTarPerm extractEntry tests/manual/log.html
570 silly gunzTarPerm modified mode [ 'tests/manual/log.html', 420, 436 ]
571 silly gunzTarPerm extractEntry tests/manual/multiple.html
572 silly gunzTarPerm modified mode [ 'tests/manual/multiple.html', 420, 436 ]
573 silly gunzTarPerm extractEntry tests/manual/nested.html
574 silly gunzTarPerm modified mode [ 'tests/manual/nested.html', 420, 436 ]
575 silly gunzTarPerm extractEntry tests/manual/simulator-googlemaps.html
576 silly gunzTarPerm modified mode [ 'tests/manual/simulator-googlemaps.html', 420, 436 ]
577 silly gunzTarPerm extractEntry tests/manual/simulator.html
578 silly gunzTarPerm modified mode [ 'tests/manual/simulator.html', 420, 436 ]
579 silly gentlyRm /home/smertch/www/testEmail/node_modules/.staging/adm-zip-fddf1735/node_modules is being purged
580 verbose gentlyRm don't care about contents; nuking /home/smertch/www/testEmail/node_modules/.staging/adm-zip-fddf1735/node_modules
581 silly gunzTarPerm extractEntry CHANGELOG.md
582 silly gunzTarPerm modified mode [ 'CHANGELOG.md', 438, 436 ]
583 silly gunzTarPerm extractEntry tests/manual/touchaction.html
584 silly gunzTarPerm modified mode [ 'tests/manual/touchaction.html', 420, 436 ]
585 silly gunzTarPerm extractEntry tests/manual/visual.html
586 silly gunzTarPerm modified mode [ 'tests/manual/visual.html', 420, 436 ]
587 silly gunzTarPerm extractEntry extras/noUiSlider/nouislider.js
588 silly gunzTarPerm modified mode [ 'extras/noUiSlider/nouislider.js', 438, 436 ]
589 silly gunzTarPerm extractEntry extras/noUiSlider/nouislider.min.js
590 silly gunzTarPerm modified mode [ 'extras/noUiSlider/nouislider.min.js', 438, 436 ]
591 silly gunzTarPerm extractEntry tests/unit/test_utils.js
592 silly gunzTarPerm modified mode [ 'tests/unit/test_utils.js', 420, 436 ]
593 silly gunzTarPerm extractEntry tests/unit/test_simultaneous_recognition.js
594 silly gunzTarPerm modified mode [ 'tests/unit/test_simultaneous_recognition.js', 420, 436 ]
595 silly gunzTarPerm extractEntry extras/noUiSlider/nouislider.css
596 silly gunzTarPerm modified mode [ 'extras/noUiSlider/nouislider.css', 438, 436 ]
597 silly gunzTarPerm extractEntry js/global.js
598 silly gunzTarPerm modified mode [ 'js/global.js', 438, 436 ]
599 silly gunzTarPerm extractEntry js/hammer.min.js
600 silly gunzTarPerm modified mode [ 'js/hammer.min.js', 438, 436 ]
601 silly gunzTarPerm extractEntry tests/unit/test_enable.js
602 silly gunzTarPerm modified mode [ 'tests/unit/test_enable.js', 420, 436 ]
603 silly gunzTarPerm extractEntry tests/unit/test_events.js
604 silly gunzTarPerm modified mode [ 'tests/unit/test_events.js', 420, 436 ]
605 silly gunzTarPerm extractEntry js/initial.js
606 silly gunzTarPerm modified mode [ 'js/initial.js', 438, 436 ]
607 silly gunzTarPerm extractEntry js/jquery.easing.1.4.js
608 silly gunzTarPerm modified mode [ 'js/jquery.easing.1.4.js', 438, 436 ]
609 silly gunzTarPerm extractEntry tests/unit/test_gestures.js
610 silly gunzTarPerm modified mode [ 'tests/unit/test_gestures.js', 420, 436 ]
611 silly gunzTarPerm extractEntry tests/unit/test_hammer.js
612 silly gunzTarPerm modified mode [ 'tests/unit/test_hammer.js', 420, 436 ]
613 silly gunzTarPerm extractEntry js/forms.js
614 silly gunzTarPerm modified mode [ 'js/forms.js', 438, 436 ]
615 silly gunzTarPerm extractEntry js/materialbox.js
616 silly gunzTarPerm modified mode [ 'js/materialbox.js', 438, 436 ]
617 silly gunzTarPerm extractEntry js/modal.js
618 silly gunzTarPerm modified mode [ 'js/modal.js', 438, 436 ]
619 silly gunzTarPerm extractEntry tests/unit/test_require_failure.js
620 silly gunzTarPerm modified mode [ 'tests/unit/test_require_failure.js', 420, 436 ]
621 silly gunzTarPerm extractEntry tests/unit/test_multiple_taps.js
622 silly gunzTarPerm modified mode [ 'tests/unit/test_multiple_taps.js', 420, 436 ]
623 silly gunzTarPerm extractEntry js/parallax.js
624 silly gunzTarPerm modified mode [ 'js/parallax.js', 438, 436 ]
625 silly gunzTarPerm extractEntry js/pushpin.js
626 silly gunzTarPerm modified mode [ 'js/pushpin.js', 438, 436 ]
627 silly gunzTarPerm extractEntry js/scrollFire.js
628 silly gunzTarPerm modified mode [ 'js/scrollFire.js', 438, 436 ]
629 silly gunzTarPerm extractEntry js/dropdown.js
630 silly gunzTarPerm modified mode [ 'js/dropdown.js', 438, 436 ]
631 silly gunzTarPerm extractEntry js/scrollspy.js
632 silly gunzTarPerm modified mode [ 'js/scrollspy.js', 438, 436 ]
633 silly gunzTarPerm extractEntry tests/unit/test_nested_gesture_recognizers.js
634 silly gunzTarPerm modified mode [ 'tests/unit/test_nested_gesture_recognizers.js', 420, 436 ]
635 silly gunzTarPerm extractEntry tests/unit/test_propagation_bubble.js
636 silly gunzTarPerm modified mode [ 'tests/unit/test_propagation_bubble.js', 420, 436 ]
637 silly gunzTarPerm extractEntry js/velocity.min.js
638 silly gunzTarPerm modified mode [ 'js/velocity.min.js', 438, 436 ]
639 silly gunzTarPerm extractEntry js/sideNav.js
640 silly gunzTarPerm modified mode [ 'js/sideNav.js', 438, 436 ]
641 silly gunzTarPerm extractEntry js/collapsible.js
642 silly gunzTarPerm modified mode [ 'js/collapsible.js', 438, 436 ]
643 silly gunzTarPerm extractEntry tests/unit/test_jquery_plugin.js
644 silly gunzTarPerm modified mode [ 'tests/unit/test_jquery_plugin.js', 420, 436 ]
645 silly gunzTarPerm extractEntry tests/unit/gestures/test_pan.js
646 silly gunzTarPerm modified mode [ 'tests/unit/gestures/test_pan.js', 420, 436 ]
647 silly gunzTarPerm extractEntry js/slider.js
648 silly gunzTarPerm modified mode [ 'js/slider.js', 438, 436 ]
649 silly gunzTarPerm extractEntry js/chips.js
650 silly gunzTarPerm modified mode [ 'js/chips.js', 438, 436 ]
651 silly gunzTarPerm extractEntry js/tabs.js
652 silly gunzTarPerm modified mode [ 'js/tabs.js', 438, 436 ]
653 silly gunzTarPerm extractEntry tests/unit/gestures/test_pinch.js
654 silly gunzTarPerm modified mode [ 'tests/unit/gestures/test_pinch.js', 420, 436 ]
655 silly gunzTarPerm extractEntry tests/unit/gestures/test_swipe.js
656 silly gunzTarPerm modified mode [ 'tests/unit/gestures/test_swipe.js', 420, 436 ]
657 silly gunzTarPerm extractEntry js/character_counter.js
658 silly gunzTarPerm modified mode [ 'js/character_counter.js', 438, 436 ]
659 silly gunzTarPerm extractEntry js/tapTarget.js
660 silly gunzTarPerm modified mode [ 'js/tapTarget.js', 438, 436 ]
661 silly gunzTarPerm extractEntry tests/unit/index.html
662 silly gunzTarPerm modified mode [ 'tests/unit/index.html', 420, 436 ]
663 silly gunzTarPerm extractEntry tests/unit/assets/blanket.js
664 silly gunzTarPerm modified mode [ 'tests/unit/assets/blanket.js', 420, 436 ]
665 silly gunzTarPerm extractEntry js/carousel.js
666 silly gunzTarPerm modified mode [ 'js/carousel.js', 438, 436 ]
667 silly gunzTarPerm extractEntry js/toasts.js
668 silly gunzTarPerm modified mode [ 'js/toasts.js', 438, 436 ]
669 silly gunzTarPerm extractEntry js/cards.js
670 silly gunzTarPerm modified mode [ 'js/cards.js', 438, 436 ]
671 silly gunzTarPerm extractEntry js/tooltip.js
672 silly gunzTarPerm modified mode [ 'js/tooltip.js', 438, 436 ]
673 silly gunzTarPerm extractEntry js/buttons.js
674 silly gunzTarPerm modified mode [ 'js/buttons.js', 438, 436 ]
675 silly gunzTarPerm extractEntry tests/unit/assets/jquery.min.js
676 silly gunzTarPerm modified mode [ 'tests/unit/assets/jquery.min.js', 420, 436 ]
677 silly gunzTarPerm extractEntry js/transitions.js
678 silly gunzTarPerm modified mode [ 'js/transitions.js', 438, 436 ]
679 silly gunzTarPerm extractEntry tests/unit/assets/lodash.compat.js
680 silly gunzTarPerm modified mode [ 'tests/unit/assets/lodash.compat.js', 420, 436 ]
681 silly gunzTarPerm extractEntry js/animation.js
682 silly gunzTarPerm modified mode [ 'js/animation.js', 438, 436 ]
683 silly gunzTarPerm extractEntry tests/unit/assets/qunit.js
684 silly gunzTarPerm modified mode [ 'tests/unit/assets/qunit.js', 420, 436 ]
685 silly gunzTarPerm extractEntry tests/unit/assets/utils.js
686 silly gunzTarPerm modified mode [ 'tests/unit/assets/utils.js', 420, 436 ]
687 silly gunzTarPerm extractEntry tests/unit/assets/qunit.css
688 silly gunzTarPerm modified mode [ 'tests/unit/assets/qunit.css', 420, 436 ]
689 silly gunzTarPerm extractEntry js/waves.js
690 silly gunzTarPerm modified mode [ 'js/waves.js', 438, 436 ]
691 silly gunzTarPerm extractEntry js/jquery.hammer.js
692 silly gunzTarPerm modified mode [ 'js/jquery.hammer.js', 438, 436 ]
693 silly gunzTarPerm extractEntry js/date_picker/picker.date.js
694 silly gunzTarPerm modified mode [ 'js/date_picker/picker.date.js', 438, 436 ]
695 silly gunzTarPerm extractEntry js/date_picker/picker.js
696 silly gunzTarPerm modified mode [ 'js/date_picker/picker.js', 438, 436 ]
697 silly gunzTarPerm extractEntry js/date_picker/picker.time.js
698 silly gunzTarPerm modified mode [ 'js/date_picker/picker.time.js', 438, 436 ]
699 silly gunzTarPerm extractEntry sass/components/_preloader.scss
700 silly gunzTarPerm modified mode [ 'sass/components/_preloader.scss', 438, 436 ]
701 silly gunzTarPerm extractEntry sass/components/_badges.scss
702 silly gunzTarPerm modified mode [ 'sass/components/_badges.scss', 438, 436 ]
703 silly gunzTarPerm extractEntry sass/components/_cards.scss
704 silly gunzTarPerm modified mode [ 'sass/components/_cards.scss', 438, 436 ]
705 silly gunzTarPerm extractEntry sass/components/_carousel.scss
706 silly gunzTarPerm modified mode [ 'sass/components/_carousel.scss', 438, 436 ]
707 silly gunzTarPerm extractEntry sass/components/_chips.scss
708 silly gunzTarPerm modified mode [ 'sass/components/_chips.scss', 438, 436 ]
709 silly gunzTarPerm extractEntry sass/components/_collapsible.scss
710 silly gunzTarPerm modified mode [ 'sass/components/_collapsible.scss', 438, 436 ]
711 silly gunzTarPerm extractEntry sass/components/_color.scss
712 silly gunzTarPerm modified mode [ 'sass/components/_color.scss', 438, 436 ]
713 silly gunzTarPerm extractEntry sass/components/_dropdown.scss
714 silly gunzTarPerm modified mode [ 'sass/components/_dropdown.scss', 438, 436 ]
715 silly gunzTarPerm extractEntry sass/components/_global.scss
716 silly gunzTarPerm modified mode [ 'sass/components/_global.scss', 438, 436 ]
717 silly gunzTarPerm extractEntry sass/components/_grid.scss
718 silly gunzTarPerm modified mode [ 'sass/components/_grid.scss', 438, 436 ]
719 silly gunzTarPerm extractEntry sass/components/_icons-material-design.scss
720 silly gunzTarPerm modified mode [ 'sass/components/_icons-material-design.scss', 438, 436 ]
721 silly gunzTarPerm extractEntry sass/components/_materialbox.scss
722 silly gunzTarPerm modified mode [ 'sass/components/_materialbox.scss', 438, 436 ]
723 silly gunzTarPerm extractEntry sass/components/_modal.scss
724 silly gunzTarPerm modified mode [ 'sass/components/_modal.scss', 438, 436 ]
725 silly gunzTarPerm extractEntry sass/components/_navbar.scss
726 silly gunzTarPerm modified mode [ 'sass/components/_navbar.scss', 438, 436 ]
727 silly gunzTarPerm extractEntry sass/components/_normalize.scss
728 silly gunzTarPerm modified mode [ 'sass/components/_normalize.scss', 438, 436 ]
729 silly gunzTarPerm extractEntry sass/components/_buttons.scss
730 silly gunzTarPerm modified mode [ 'sass/components/_buttons.scss', 438, 436 ]
731 silly gunzTarPerm extractEntry sass/components/_pulse.scss
732 silly gunzTarPerm modified mode [ 'sass/components/_pulse.scss', 438, 436 ]
733 silly gunzTarPerm extractEntry sass/components/_roboto.scss
734 silly gunzTarPerm modified mode [ 'sass/components/_roboto.scss', 438, 436 ]
735 silly gunzTarPerm extractEntry sass/components/_sideNav.scss
736 silly gunzTarPerm modified mode [ 'sass/components/_sideNav.scss', 438, 436 ]
737 silly gunzTarPerm extractEntry sass/components/_slider.scss
738 silly gunzTarPerm modified mode [ 'sass/components/_slider.scss', 438, 436 ]
739 silly gunzTarPerm extractEntry sass/components/_table_of_contents.scss
740 silly gunzTarPerm modified mode [ 'sass/components/_table_of_contents.scss', 438, 436 ]
741 silly gunzTarPerm extractEntry sass/components/_tabs.scss
742 silly gunzTarPerm modified mode [ 'sass/components/_tabs.scss', 438, 436 ]
743 silly gunzTarPerm extractEntry sass/components/_tapTarget.scss
744 silly gunzTarPerm modified mode [ 'sass/components/_tapTarget.scss', 438, 436 ]
745 silly gunzTarPerm extractEntry sass/components/_toast.scss
746 silly gunzTarPerm modified mode [ 'sass/components/_toast.scss', 438, 436 ]
747 silly gunzTarPerm extractEntry sass/components/_tooltip.scss
748 silly gunzTarPerm modified mode [ 'sass/components/_tooltip.scss', 438, 436 ]
749 silly gunzTarPerm extractEntry sass/components/_transitions.scss
750 silly gunzTarPerm modified mode [ 'sass/components/_transitions.scss', 438, 436 ]
751 silly gunzTarPerm extractEntry sass/components/_typography.scss
752 silly gunzTarPerm modified mode [ 'sass/components/_typography.scss', 438, 436 ]
753 silly gunzTarPerm extractEntry sass/components/_variables.scss
754 silly gunzTarPerm modified mode [ 'sass/components/_variables.scss', 438, 436 ]
755 silly gunzTarPerm extractEntry sass/components/_waves.scss
756 silly gunzTarPerm modified mode [ 'sass/components/_waves.scss', 438, 436 ]
757 silly gunzTarPerm extractEntry sass/components/date_picker/_default.date.scss
758 silly gunzTarPerm modified mode [ 'sass/components/date_picker/_default.date.scss', 438, 436 ]
759 silly gunzTarPerm extractEntry sass/components/date_picker/_default.scss
760 silly gunzTarPerm modified mode [ 'sass/components/date_picker/_default.scss', 438, 436 ]
761 silly gunzTarPerm extractEntry sass/components/date_picker/_default.time.scss
762 silly gunzTarPerm modified mode [ 'sass/components/date_picker/_default.time.scss', 438, 436 ]
763 silly gunzTarPerm extractEntry sass/components/forms/_checkboxes.scss
764 silly gunzTarPerm modified mode [ 'sass/components/forms/_checkboxes.scss', 438, 436 ]
765 silly gunzTarPerm extractEntry sass/components/forms/_file-input.scss
766 silly gunzTarPerm modified mode [ 'sass/components/forms/_file-input.scss', 438, 436 ]
767 silly gunzTarPerm extractEntry sass/components/forms/_forms.scss
768 silly gunzTarPerm modified mode [ 'sass/components/forms/_forms.scss', 438, 436 ]
769 silly gunzTarPerm extractEntry sass/components/forms/_input-fields.scss
770 silly gunzTarPerm modified mode [ 'sass/components/forms/_input-fields.scss', 438, 436 ]
771 silly gunzTarPerm extractEntry sass/components/forms/_radio-buttons.scss
772 silly gunzTarPerm modified mode [ 'sass/components/forms/_radio-buttons.scss', 438, 436 ]
773 silly gunzTarPerm extractEntry sass/components/forms/_range.scss
774 silly gunzTarPerm modified mode [ 'sass/components/forms/_range.scss', 438, 436 ]
775 silly gunzTarPerm extractEntry sass/components/forms/_select.scss
776 silly gunzTarPerm modified mode [ 'sass/components/forms/_select.scss', 438, 436 ]
777 silly gunzTarPerm extractEntry sass/components/forms/_switches.scss
778 silly gunzTarPerm modified mode [ 'sass/components/forms/_switches.scss', 438, 436 ]
779 silly gunzTarPerm extractEntry sass/materialize.scss
780 silly gunzTarPerm modified mode [ 'sass/materialize.scss', 438, 436 ]
781 silly gentlyRm /home/smertch/www/testEmail/node_modules/.staging/hammerjs-949ec108/node_modules is being purged
782 verbose gentlyRm don't care about contents; nuking /home/smertch/www/testEmail/node_modules/.staging/hammerjs-949ec108/node_modules
783 silly gentlyRm /home/smertch/www/testEmail/node_modules/.staging/materialize-css-5e544072/node_modules is being purged
784 verbose gentlyRm don't care about contents; nuking /home/smertch/www/testEmail/node_modules/.staging/materialize-css-5e544072/node_modules
785 silly doParallel preinstall 11
786 silly preinstall adm-zip@0.4.7 /home/smertch/www/testEmail/node_modules/.staging/adm-zip-fddf1735
787 info lifecycle adm-zip@0.4.7~preinstall: adm-zip@0.4.7
788 silly preinstall datatables.net@1.10.16 /home/smertch/www/testEmail/node_modules/.staging/datatables.net-e25353cc
789 info lifecycle datatables.net@1.10.16~preinstall: datatables.net@1.10.16
790 silly preinstall hammerjs@2.0.8 /home/smertch/www/testEmail/node_modules/.staging/hammerjs-949ec108
791 info lifecycle hammerjs@2.0.8~preinstall: hammerjs@2.0.8
792 silly preinstall datatables.net-autofill@2.2.2 /home/smertch/www/testEmail/node_modules/.staging/datatables.net-autofill-38211bba
793 info lifecycle datatables.net-autofill@2.2.2~preinstall: datatables.net-autofill@2.2.2
794 silly preinstall datatables.net-colreorder@1.4.1 /home/smertch/www/testEmail/node_modules/.staging/datatables.net-colreorder-518f3372
795 info lifecycle datatables.net-colreorder@1.4.1~preinstall: datatables.net-colreorder@1.4.1
796 silly preinstall datatables.net-dt@1.10.16 /home/smertch/www/testEmail/node_modules/.staging/datatables.net-dt-c5378890
797 info lifecycle datatables.net-dt@1.10.16~preinstall: datatables.net-dt@1.10.16
798 silly preinstall datatables.net-editor@1.6.5 /home/smertch/www/testEmail/node_modules/.staging/datatables.net-editor-674640a8
799 info lifecycle datatables.net-editor@1.6.5~preinstall: datatables.net-editor@1.6.5
800 silly preinstall datatables.net-scroller@1.4.3 /home/smertch/www/testEmail/node_modules/.staging/datatables.net-scroller-661314d2
801 info lifecycle datatables.net-scroller@1.4.3~preinstall: datatables.net-scroller@1.4.3
802 silly preinstall datatables.net-select@1.2.3 /home/smertch/www/testEmail/node_modules/.staging/datatables.net-select-2821915c
803 info lifecycle datatables.net-select@1.2.3~preinstall: datatables.net-select@1.2.3
804 silly preinstall materialize-css@0.100.2 /home/smertch/www/testEmail/node_modules/.staging/materialize-css-5e544072
805 info lifecycle materialize-css@0.100.2~preinstall: materialize-css@0.100.2
806 silly preinstall vue-async-data@1.0.2 /home/smertch/www/testEmail/node_modules/.staging/vue-async-data-3c65e519
807 info lifecycle vue-async-data@1.0.2~preinstall: vue-async-data@1.0.2
808 silly lifecycle adm-zip@0.4.7~preinstall: no script for preinstall, continuing
809 silly lifecycle datatables.net@1.10.16~preinstall: no script for preinstall, continuing
810 silly lifecycle hammerjs@2.0.8~preinstall: no script for preinstall, continuing
811 silly lifecycle datatables.net-autofill@2.2.2~preinstall: no script for preinstall, continuing
812 silly lifecycle datatables.net-colreorder@1.4.1~preinstall: no script for preinstall, continuing
813 silly lifecycle datatables.net-dt@1.10.16~preinstall: no script for preinstall, continuing
814 silly lifecycle datatables.net-editor@1.6.5~preinstall: no script for preinstall, continuing
815 silly lifecycle datatables.net-scroller@1.4.3~preinstall: no script for preinstall, continuing
816 silly lifecycle datatables.net-select@1.2.3~preinstall: no script for preinstall, continuing
817 silly lifecycle materialize-css@0.100.2~preinstall: no script for preinstall, continuing
818 silly lifecycle vue-async-data@1.0.2~preinstall: no script for preinstall, continuing
819 silly doReverseSerial remove 0
820 silly doSerial move 0
821 silly doSerial finalize 11
822 silly finalize /home/smertch/www/testEmail/node_modules/adm-zip
823 silly finalize /home/smertch/www/testEmail/node_modules/datatables.net
824 silly finalize /home/smertch/www/testEmail/node_modules/hammerjs
825 silly finalize /home/smertch/www/testEmail/node_modules/datatables.net-autofill
826 silly finalize /home/smertch/www/testEmail/node_modules/datatables.net-colreorder
827 silly finalize /home/smertch/www/testEmail/node_modules/datatables.net-dt
828 silly finalize /home/smertch/www/testEmail/node_modules/datatables.net-editor
829 silly finalize /home/smertch/www/testEmail/node_modules/datatables.net-scroller
830 silly finalize /home/smertch/www/testEmail/node_modules/datatables.net-select
831 silly finalize /home/smertch/www/testEmail/node_modules/materialize-css
832 silly finalize /home/smertch/www/testEmail/node_modules/vue-async-data
833 silly doSerial build 11
834 silly build adm-zip@0.4.7
835 info linkStuff adm-zip@0.4.7
836 silly linkStuff adm-zip@0.4.7 has /home/smertch/www/testEmail/node_modules as its parent node_modules
837 verbose linkBins adm-zip@0.4.7
838 verbose linkMans adm-zip@0.4.7
839 silly build datatables.net@1.10.16
840 info linkStuff datatables.net@1.10.16
841 silly linkStuff datatables.net@1.10.16 has /home/smertch/www/testEmail/node_modules as its parent node_modules
842 verbose linkBins datatables.net@1.10.16
843 verbose linkMans datatables.net@1.10.16
844 silly build hammerjs@2.0.8
845 info linkStuff hammerjs@2.0.8
846 silly linkStuff hammerjs@2.0.8 has /home/smertch/www/testEmail/node_modules as its parent node_modules
847 verbose linkBins hammerjs@2.0.8
848 verbose linkMans hammerjs@2.0.8
849 silly build datatables.net-autofill@2.2.2
850 info linkStuff datatables.net-autofill@2.2.2
851 silly linkStuff datatables.net-autofill@2.2.2 has /home/smertch/www/testEmail/node_modules as its parent node_modules
852 verbose linkBins datatables.net-autofill@2.2.2
853 verbose linkMans datatables.net-autofill@2.2.2
854 silly build datatables.net-colreorder@1.4.1
855 info linkStuff datatables.net-colreorder@1.4.1
856 silly linkStuff datatables.net-colreorder@1.4.1 has /home/smertch/www/testEmail/node_modules as its parent node_modules
857 verbose linkBins datatables.net-colreorder@1.4.1
858 verbose linkMans datatables.net-colreorder@1.4.1
859 silly build datatables.net-dt@1.10.16
860 info linkStuff datatables.net-dt@1.10.16
861 silly linkStuff datatables.net-dt@1.10.16 has /home/smertch/www/testEmail/node_modules as its parent node_modules
862 verbose linkBins datatables.net-dt@1.10.16
863 verbose linkMans datatables.net-dt@1.10.16
864 silly build datatables.net-editor@1.6.5
865 info linkStuff datatables.net-editor@1.6.5
866 silly linkStuff datatables.net-editor@1.6.5 has /home/smertch/www/testEmail/node_modules as its parent node_modules
867 verbose linkBins datatables.net-editor@1.6.5
868 verbose linkMans datatables.net-editor@1.6.5
869 silly build datatables.net-scroller@1.4.3
870 info linkStuff datatables.net-scroller@1.4.3
871 silly linkStuff datatables.net-scroller@1.4.3 has /home/smertch/www/testEmail/node_modules as its parent node_modules
872 verbose linkBins datatables.net-scroller@1.4.3
873 verbose linkMans datatables.net-scroller@1.4.3
874 silly build datatables.net-select@1.2.3
875 info linkStuff datatables.net-select@1.2.3
876 silly linkStuff datatables.net-select@1.2.3 has /home/smertch/www/testEmail/node_modules as its parent node_modules
877 verbose linkBins datatables.net-select@1.2.3
878 verbose linkMans datatables.net-select@1.2.3
879 silly build materialize-css@0.100.2
880 info linkStuff materialize-css@0.100.2
881 silly linkStuff materialize-css@0.100.2 has /home/smertch/www/testEmail/node_modules as its parent node_modules
882 verbose linkBins materialize-css@0.100.2
883 verbose linkMans materialize-css@0.100.2
884 silly build vue-async-data@1.0.2
885 info linkStuff vue-async-data@1.0.2
886 silly linkStuff vue-async-data@1.0.2 has /home/smertch/www/testEmail/node_modules as its parent node_modules
887 verbose linkBins vue-async-data@1.0.2
888 verbose linkMans vue-async-data@1.0.2
889 silly doSerial global-link 0
890 silly doParallel update-linked 0
891 silly doSerial install 11
892 silly install adm-zip@0.4.7 /home/smertch/www/testEmail/node_modules/.staging/adm-zip-fddf1735
893 info lifecycle adm-zip@0.4.7~install: adm-zip@0.4.7
894 silly lifecycle adm-zip@0.4.7~install: no script for install, continuing
895 silly install datatables.net@1.10.16 /home/smertch/www/testEmail/node_modules/.staging/datatables.net-e25353cc
896 info lifecycle datatables.net@1.10.16~install: datatables.net@1.10.16
897 silly lifecycle datatables.net@1.10.16~install: no script for install, continuing
898 silly install hammerjs@2.0.8 /home/smertch/www/testEmail/node_modules/.staging/hammerjs-949ec108
899 info lifecycle hammerjs@2.0.8~install: hammerjs@2.0.8
900 silly lifecycle hammerjs@2.0.8~install: no script for install, continuing
901 silly install datatables.net-autofill@2.2.2 /home/smertch/www/testEmail/node_modules/.staging/datatables.net-autofill-38211bba
902 info lifecycle datatables.net-autofill@2.2.2~install: datatables.net-autofill@2.2.2
903 silly lifecycle datatables.net-autofill@2.2.2~install: no script for install, continuing
904 silly install datatables.net-colreorder@1.4.1 /home/smertch/www/testEmail/node_modules/.staging/datatables.net-colreorder-518f3372
905 info lifecycle datatables.net-colreorder@1.4.1~install: datatables.net-colreorder@1.4.1
906 silly lifecycle datatables.net-colreorder@1.4.1~install: no script for install, continuing
907 silly install datatables.net-dt@1.10.16 /home/smertch/www/testEmail/node_modules/.staging/datatables.net-dt-c5378890
908 info lifecycle datatables.net-dt@1.10.16~install: datatables.net-dt@1.10.16
909 silly lifecycle datatables.net-dt@1.10.16~install: no script for install, continuing
910 silly install datatables.net-editor@1.6.5 /home/smertch/www/testEmail/node_modules/.staging/datatables.net-editor-674640a8
911 info lifecycle datatables.net-editor@1.6.5~install: datatables.net-editor@1.6.5
912 silly lifecycle datatables.net-editor@1.6.5~install: no script for install, continuing
913 silly install datatables.net-scroller@1.4.3 /home/smertch/www/testEmail/node_modules/.staging/datatables.net-scroller-661314d2
914 info lifecycle datatables.net-scroller@1.4.3~install: datatables.net-scroller@1.4.3
915 silly lifecycle datatables.net-scroller@1.4.3~install: no script for install, continuing
916 silly install datatables.net-select@1.2.3 /home/smertch/www/testEmail/node_modules/.staging/datatables.net-select-2821915c
917 info lifecycle datatables.net-select@1.2.3~install: datatables.net-select@1.2.3
918 silly lifecycle datatables.net-select@1.2.3~install: no script for install, continuing
919 silly install materialize-css@0.100.2 /home/smertch/www/testEmail/node_modules/.staging/materialize-css-5e544072
920 info lifecycle materialize-css@0.100.2~install: materialize-css@0.100.2
921 silly lifecycle materialize-css@0.100.2~install: no script for install, continuing
922 silly install vue-async-data@1.0.2 /home/smertch/www/testEmail/node_modules/.staging/vue-async-data-3c65e519
923 info lifecycle vue-async-data@1.0.2~install: vue-async-data@1.0.2
924 silly lifecycle vue-async-data@1.0.2~install: no script for install, continuing
925 silly doSerial postinstall 11
926 silly postinstall adm-zip@0.4.7 /home/smertch/www/testEmail/node_modules/.staging/adm-zip-fddf1735
927 info lifecycle adm-zip@0.4.7~postinstall: adm-zip@0.4.7
928 silly lifecycle adm-zip@0.4.7~postinstall: no script for postinstall, continuing
929 silly postinstall datatables.net@1.10.16 /home/smertch/www/testEmail/node_modules/.staging/datatables.net-e25353cc
930 info lifecycle datatables.net@1.10.16~postinstall: datatables.net@1.10.16
931 silly lifecycle datatables.net@1.10.16~postinstall: no script for postinstall, continuing
932 silly postinstall hammerjs@2.0.8 /home/smertch/www/testEmail/node_modules/.staging/hammerjs-949ec108
933 info lifecycle hammerjs@2.0.8~postinstall: hammerjs@2.0.8
934 silly lifecycle hammerjs@2.0.8~postinstall: no script for postinstall, continuing
935 silly postinstall datatables.net-autofill@2.2.2 /home/smertch/www/testEmail/node_modules/.staging/datatables.net-autofill-38211bba
936 info lifecycle datatables.net-autofill@2.2.2~postinstall: datatables.net-autofill@2.2.2
937 silly lifecycle datatables.net-autofill@2.2.2~postinstall: no script for postinstall, continuing
938 silly postinstall datatables.net-colreorder@1.4.1 /home/smertch/www/testEmail/node_modules/.staging/datatables.net-colreorder-518f3372
939 info lifecycle datatables.net-colreorder@1.4.1~postinstall: datatables.net-colreorder@1.4.1
940 silly lifecycle datatables.net-colreorder@1.4.1~postinstall: no script for postinstall, continuing
941 silly postinstall datatables.net-dt@1.10.16 /home/smertch/www/testEmail/node_modules/.staging/datatables.net-dt-c5378890
942 info lifecycle datatables.net-dt@1.10.16~postinstall: datatables.net-dt@1.10.16
943 silly lifecycle datatables.net-dt@1.10.16~postinstall: no script for postinstall, continuing
944 silly postinstall datatables.net-editor@1.6.5 /home/smertch/www/testEmail/node_modules/.staging/datatables.net-editor-674640a8
945 info lifecycle datatables.net-editor@1.6.5~postinstall: datatables.net-editor@1.6.5
946 verbose lifecycle datatables.net-editor@1.6.5~postinstall: unsafe-perm in lifecycle true
947 verbose lifecycle datatables.net-editor@1.6.5~postinstall: PATH: /usr/share/npm/bin/node-gyp-bin:/home/smertch/www/testEmail/node_modules/datatables.net-editor/node_modules/.bin:/home/smertch/www/testEmail/node_modules/.bin:/home/smertch/bin:/home/smertch/.local/bin:/usr/local/sbin:/usr/local/bin:/usr/sbin:/usr/bin:/sbin:/bin:/usr/games:/usr/local/games:/snap/bin:/usr/lib/jvm/java-8-oracle/bin:/usr/lib/jvm/java-8-oracle/db/bin:/usr/lib/jvm/java-8-oracle/jre/bin
948 verbose lifecycle datatables.net-editor@1.6.5~postinstall: CWD: /home/smertch/www/testEmail/node_modules/datatables.net-editor
949 silly lifecycle datatables.net-editor@1.6.5~postinstall: Args: [ '-c', 'node postinstall.js' ]
950 info lifecycle datatables.net-editor@1.6.5~postinstall: Failed to exec postinstall script
951 verbose unlock done using /home/smertch/.npm/_locks/staging-ecabeb7e623d742b.lock for /home/smertch/www/testEmail/node_modules/.staging
952 silly rollbackFailedOptional Starting
953 silly rollbackFailedOptional Finishing
954 silly runTopLevelLifecycles Starting
955 silly runTopLevelLifecycles Finishing
956 silly install printInstalled
957 verbose stack Error: datatables.net-editor@1.6.5 postinstall: `node postinstall.js`
957 verbose stack spawn ENOENT
957 verbose stack     at ChildProcess.<anonymous> (/usr/share/npm/lib/utils/spawn.js:17:16)
957 verbose stack     at emitTwo (events.js:87:13)
957 verbose stack     at ChildProcess.emit (events.js:172:7)
957 verbose stack     at maybeClose (internal/child_process.js:821:16)
957 verbose stack     at Process.ChildProcess._handle.onexit (internal/child_process.js:211:5)
958 verbose pkgid datatables.net-editor@1.6.5
959 verbose cwd /home/smertch/www/testEmail
960 error Linux 4.4.0-96-generic
961 error argv "/usr/bin/nodejs" "/usr/bin/npm" "install" "datatables.net-editor"
962 error node v4.2.6
963 error npm  v3.5.2
964 error file sh
965 error code ELIFECYCLE
966 error errno ENOENT
967 error syscall spawn
968 error datatables.net-editor@1.6.5 postinstall: `node postinstall.js`
968 error spawn ENOENT
969 error Failed at the datatables.net-editor@1.6.5 postinstall script 'node postinstall.js'.
969 error Make sure you have the latest version of node.js and npm installed.
969 error If you do, this is most likely a problem with the datatables.net-editor package,
969 error not with npm itself.
969 error Tell the author that this fails on your system:
969 error     node postinstall.js
969 error You can get information on how to open an issue for this project with:
969 error     npm bugs datatables.net-editor
969 error Or if that isn't available, you can get their info via:
969 error     npm owner ls datatables.net-editor
969 error There is likely additional logging output above.
970 verbose exit [ 1, true ]
